16:13,35:301 INFO    [ProcessingContext]: Using processing tool JAVAC
16:13,35:301 INFO    [ProcessingContext]: Using processing javac ProcessingEnvironment
16:13,35:302 INFO    [ProcessingContext]: Using source path null
16:13,35:302 INFO    [MainProcessor]: Using processing env juzu.impl.compiler.ProcessingContext
16:13,35:317 FINER   [ProcessingContext]: Resolved resolved resource location=SOURCE_OUTPUT pkg=juzu relativeName=metamodel.ser from filer
16:13,35:320 INFO    [MainProcessor]: Created new meta model
16:13,35:326 INFO    [ProcessingContext]: Loading services implementation of juzu.impl.plugin.module.metamodel.ModuleMetaModelPlugin
16:13,35:350 INFO    [ProcessingContext]: Using plugins: application less
16:13,35:351 INFO    [ProcessingContext]: Loading services implementation of juzu.impl.plugin.application.metamodel.ApplicationMetaModelPlugin
16:13,35:465 INFO    [ProcessingContext]: Using plugins: plf4-ajax controller template ajax asset binding router amd portlet
16:13,35:467 INFO    [ProcessingContext]: Plugin plf4-ajax supports [org.exoplatform.commons.juzu.ajax.Ajax]
16:13,35:469 INFO    [ProcessingContext]: Plugin controller supports [juzu.Consumes, juzu.Action, juzu.View, juzu.Resource]
16:13,35:470 INFO    [ProcessingContext]: Plugin template supports [juzu.Path, juzu.template.Tags]
16:13,35:471 INFO    [ProcessingContext]: Plugin ajax supports [juzu.plugin.ajax.Ajax]
16:13,35:474 INFO    [ProcessingContext]: Plugin asset supports [juzu.plugin.asset.Stylesheets, juzu.plugin.asset.Scripts]
16:13,35:477 INFO    [ProcessingContext]: Plugin binding supports [juzu.plugin.binding.Bindings]
16:13,35:486 INFO    [ProcessingContext]: Plugin router supports [juzu.Route]
16:13,35:487 INFO    [ProcessingContext]: Plugin amd supports [juzu.plugin.amd.Modules]
16:13,35:488 INFO    [ProcessingContext]: Plugin portlet supports [juzu.plugin.portlet.Portlet]
16:13,35:489 INFO    [ProcessingContext]: Plugin application supports [juzu.Path, juzu.Action, juzu.View, juzu.plugin.binding.Bindings, juzu.plugin.asset.Stylesheets, juzu.Resource, juzu.plugin.ajax.Ajax, juzu.Route, juzu.Consumes, juzu.Application, juzu.plugin.portlet.Portlet, juzu.template.Tags, juzu.plugin.asset.Scripts, juzu.plugin.amd.Modules, org.exoplatform.commons.juzu.ajax.Ajax]
16:13,35:497 INFO    [ProcessingContext]: Plugin less supports [juzu.plugin.less.Less]
16:13,35:499 INFO    [MainProcessor]: Starting APT round #0
16:13,35:499 INFO    [MainProcessor]: Activating model
16:13,35:521 INFO    [ProcessingContext]: Loading services implementation of juzu.template.TagHandler
16:13,35:538 INFO    [ProcessingContext]: Loaded tag handler juzu.impl.tags.DecorateTag as decorate
16:13,35:539 INFO    [ProcessingContext]: Loaded tag handler juzu.impl.tags.IncludeTag as include
16:13,35:540 INFO    [ProcessingContext]: Loaded tag handler juzu.impl.tags.InsertTag as insert
16:13,35:541 INFO    [ProcessingContext]: Loaded tag handler juzu.impl.tags.ParamTag as param
16:13,35:544 INFO    [ProcessingContext]: Loaded tag handler juzu.impl.tags.TitleTag as title
16:13,35:547 INFO    [ProcessingContext]: Loading services implementation of juzu.impl.template.spi.TemplateProvider
16:13,35:555 INFO    [MainProcessor]: Processing elements for annotation for juzu.Path
16:13,35:575 INFO    [MainProcessor]: Processing element index
16:13,35:582 INFO    [MainProcessor]: Processing elements for annotation for juzu.View
16:13,35:583 INFO    [MainProcessor]: Processing element index(juzu.request.RequestContext)
16:13,35:584 INFO    [MainProcessor]: Processing elements for annotation for juzu.Application
16:13,35:585 INFO    [MainProcessor]: Processing element org.exoplatform.addons.photolocalization
16:13,35:588 INFO    [MainProcessor]: Processing elements for annotation for juzu.plugin.binding.Bindings
16:13,35:589 INFO    [MainProcessor]: Processing element org.exoplatform.addons.photolocalization
16:13,35:589 INFO    [MainProcessor]: Processing elements for annotation for juzu.plugin.portlet.Portlet
16:13,35:592 INFO    [MainProcessor]: Processing element org.exoplatform.addons.photolocalization
16:13,35:592 INFO    [MainProcessor]: Process annotations
16:13,35:594 FINER   [ProcessingContext]: Annotation added AnnotationKey[annotated=ElementHandle.Field[type=org.exoplatform.addons.photolocalization.PhotoLocalization,name=index],type=juzu.Path]
16:13,35:596 FINER   [ProcessingContext]: Annotation added AnnotationKey[annotated=ElementHandle.Method[type=org.exoplatform.addons.photolocalization.PhotoLocalization,name=index,parameterTypes[juzu.request.RequestContext]],type=juzu.View]
16:13,35:596 FINER   [ProcessingContext]: Annotation added AnnotationKey[annotated=ElementHandle.Package[name=org.exoplatform.addons.photolocalization],type=juzu.Application]
16:13,35:596 FINER   [ProcessingContext]: Annotation added AnnotationKey[annotated=ElementHandle.Package[name=org.exoplatform.addons.photolocalization],type=juzu.plugin.binding.Bindings]
16:13,35:597 FINER   [ProcessingContext]: Annotation added AnnotationKey[annotated=ElementHandle.Package[name=org.exoplatform.addons.photolocalization],type=juzu.plugin.portlet.Portlet]
16:13,35:597 INFO    [ProcessingContext]: Trying to find a native file system for package org.exoplatform.addons.photolocalization
16:13,35:598 INFO    [ProcessingContext]: Found package org.exoplatform.addons.photolocalization annotations @juzu.plugin.portlet.Portlet,@juzu.plugin.asset.Assets({"*"}),@juzu.Application(name="PhotoLocalization"),@juzu.plugin.binding.Bindings({@juzu.plugin.binding.Binding(org.exoplatform.addons.photolocalization.PhotoLocalizationService.class)}) will use first one
16:13,35:612 INFO    [ProcessingContext]: Resolved uri file:/home/romain/exo/eXoProjects/photo-localization-extension/webapp/src/main/java/org/exoplatform/addons/photolocalization/package-info.java for package org.exoplatform.addons.photolocalization
16:13,35:640 INFO    [ProcessingContext]: Adding template ref org.exoplatform.addons.photolocalization.PhotoLocalization#index Path[/org/exoplatform/addons/photolocalization/templates/photoLocalization.gtmpl]
16:13,35:648 FINER   [ProcessingContext]: Adding method index(juzu.request.RequestContext) to controller class ElementHandle.Class[name=org.exoplatform.addons.photolocalization.PhotoLocalization]
16:13,35:655 FINER   [ProcessingContext]: Added method ElementHandle.Method[type=org.exoplatform.addons.photolocalization.PhotoLocalization,name=index,parameterTypes[juzu.request.RequestContext]] to controller class ElementHandle.Class[name=org.exoplatform.addons.photolocalization.PhotoLocalization]
16:13,35:655 INFO    [ProcessingContext]: Found cached source path disk[/home/romain/exo/eXoProjects/photo-localization-extension/webapp/src/main/java] for package org.exoplatform.addons.photolocalization
16:13,35:668 INFO    [ProcessingContext]: Found cached source path disk[/home/romain/exo/eXoProjects/photo-localization-extension/webapp/src/main/java] for package org.exoplatform.addons.photolocalization
16:13,35:669 INFO    [MainProcessor]: Post processing model
16:13,35:670 INFO    [MainProcessor]: Process events
16:13,35:670 INFO    [ProcessingContext]: Creating source file for name=org.exoplatform.addons.photolocalization.Application elements=[org.exoplatform.addons.photolocalization]
16:13,35:675 INFO    [ProcessingContext]: Generated application org.exoplatform.addons.photolocalization.Application as file:/home/romain/exo/eXoProjects/photo-localization-extension/webapp/target/generated-sources/annotations/org/exoplatform/addons/photolocalization/Application.java
16:13,35:678 INFO    [MainProcessor]: Post process events
16:13,35:689 INFO    [ProcessingContext]: Creating source file for name=org.exoplatform.addons.photolocalization.PhotoLocalization_ elements=[org.exoplatform.addons.photolocalization.PhotoLocalization]
16:13,35:694 INFO    [ProcessingContext]: Generated controller companion org.exoplatform.addons.photolocalization.PhotoLocalization_ as file:/home/romain/exo/eXoProjects/photo-localization-extension/webapp/target/generated-sources/annotations/org/exoplatform/addons/photolocalization/PhotoLocalization_.java
16:13,35:694 INFO    [ProcessingContext]: Processing templates of ElementHandle.Package[name=org.exoplatform.addons.photolocalization]
16:13,35:702 INFO    [ProcessingContext]: Found cached source path disk[/home/romain/exo/eXoProjects/photo-localization-extension/webapp/src/main/java] for package org.exoplatform.addons.photolocalization
16:13,35:703 INFO    [ProcessingContext]: Attempt to resolve pkg=org.exoplatform.addons.photolocalization.templates relativeName=photoLocalization.gtmpl from source path
16:13,35:709 INFO    [ProcessingContext]: Resolved pkg=org.exoplatform.addons.photolocalization.templates relativeName=photoLocalization.gtmpl to /home/romain/exo/eXoProjects/photo-localization-extension/webapp/src/main/java/org/exoplatform/addons/photolocalization/templates/photoLocalization.gtmpl
16:13,35:758 INFO    [ProcessingContext]: Creating source file for name=org.exoplatform.addons.photolocalization.templates.photoLocalization elements=[org.exoplatform.addons.photolocalization.PhotoLocalization]
16:13,35:769 INFO    [AbstractEmitter]: Generated template class Path[/org/exoplatform/addons/photolocalization/templates/photoLocalization.gtmpl] as file:/home/romain/exo/eXoProjects/photo-localization-extension/webapp/target/generated-sources/annotations/org/exoplatform/addons/photolocalization/templates/photoLocalization.java with originating elements [org.exoplatform.addons.photolocalization.PhotoLocalization]
16:13,35:782 INFO    [AbstractEmitter]: Generated template script /org/exoplatform/addons/photolocalization/templates/photoLocalization_.groovy as file:/home/romain/exo/eXoProjects/photo-localization-extension/webapp/target/classes/org/exoplatform/addons/photolocalization/templates/photoLocalization_.groovy with originating elements [org.exoplatform.addons.photolocalization.PhotoLocalization]
16:13,35:783 INFO    [ProcessingContext]: Creating source file for name=org.exoplatform.addons.photolocalization.PhotoLocalizationPortlet elements=[org.exoplatform.addons.photolocalization]
16:13,35:797 INFO    [MainProcessor]: Ending APT round #0
16:13,35:909 INFO    [MainProcessor]: Starting APT round #1
16:13,35:910 INFO    [MainProcessor]: Process annotations
16:13,35:911 INFO    [MainProcessor]: Post processing model
16:13,35:911 INFO    [MainProcessor]: Process events
16:13,35:912 INFO    [MainProcessor]: Post process events
16:13,35:912 INFO    [ProcessingContext]: Processing templates of ElementHandle.Package[name=org.exoplatform.addons.photolocalization]
16:13,35:912 INFO    [AbstractEmitter]: Template class Path[/org/exoplatform/addons/photolocalization/templates/photoLocalization.gtmpl] was found in cache
16:13,35:912 INFO    [AbstractEmitter]: Template Path[/org/exoplatform/addons/photolocalization/templates/photoLocalization.gtmpl] was found in cache
16:13,35:913 INFO    [MainProcessor]: Ending APT round #1
16:13,36:041 INFO    [MainProcessor]: APT processing over
16:13,36:042 INFO    [MainProcessor]: Passivating model
16:13,36:042 INFO    [ProcessingContext]: Emitting module config
16:13,36:046 INFO    [ProcessingContext]: Passivating template resolver for ElementHandle.Package[name=org.exoplatform.addons.photolocalization]
16:13,36:046 INFO    [AbstractEmitter]: Evicting cache [Path[/org/exoplatform/addons/photolocalization/templates/photoLocalization.gtmpl]]
16:13,36:047 INFO    [AbstractEmitter]: Evicting cache []
16:13,36:047 INFO    [ProcessingContext]: Passivating templates
16:13,36:047 INFO    [ProcessingContext]: Emitting application ElementHandle.Package[name=org.exoplatform.addons.photolocalization] config
